MIF/HEX Update report for BasicMCUInFPGA
Tue Apr 30 20:22:16 2019
Quartus Prime Version 16.1.0 Build 196 10/24/2016 SJ Lite Edition


---------------------
; Table of Contents ;
---------------------
  1. Legal Notice
  2. MIF/HEX Update Summary
  3. MIF/HEX Update Processed Files
  4. MIF/HEX Update Messages



----------------
; Legal Notice ;
----------------
Copyright (C) 2016  Intel Corporation. All rights reserved.
Your use of Intel Corporation's design tools, logic functions 
and other software and tools, and its AMPP partner logic 
functions, and any output files from any of the foregoing 
(including device programming or simulation files), and any 
associated documentation or information are expressly subject 
to the terms and conditions of the Intel Program License 
Subscription Agreement, the Intel Quartus Prime License Agreement,
the Intel MegaCore Function License Agreement, or other 
applicable license agreement, including, without limitation, 
that your use is for the sole purpose of programming logic 
devices manufactured by Intel and sold by Intel or its 
authorized distributors.  Please refer to the applicable 
agreement for further details.



+---------------------------------------------------------------+
; MIF/HEX Update Summary                                        ;
+-----------------------+---------------------------------------+
; MIF/HEX Update Status ; Successful - Tue Apr 30 20:22:16 2019 ;
; Revision Name         ; BasicMCUInFPGA                        ;
; Top-level Entity Name ; BasicMCUInFPGA                        ;
; Family                ; Cyclone IV E                          ;
; Device                ; EP4CE115F29C7                         ;
+-----------------------+---------------------------------------+


+---------------------------------------------------------------------+
; MIF/HEX Update Processed Files                                      ;
+---------------------------------------------------------------------+
; File Name                                                           ;
+---------------------------------------------------------------------+
; C:/Users/cabrera/Desktop/Drone303Project/ECE289-AVRinFPGA/flash.hex ;
+---------------------------------------------------------------------+


+-------------------------+
; MIF/HEX Update Messages ;
+-------------------------+
Info: *******************************************************************
Info: Running Quartus Prime MIF/HEX Update
    Info: Version 16.1.0 Build 196 10/24/2016 SJ Lite Edition
    Info: Processing started: Tue Apr 30 20:22:16 2019
Info: Command: quartus_cdb BasicMCUInFPGA -c BasicMCUInFPGA --update_mif
Warning (18236): Number of processors has not been specified which may cause overloading on shared machines.  Set the global assignment NUM_PARALLEL_PROCESSORS in your QSF to an appropriate value for best performance.
Warning (113015): Width of data items in "flash.hex" is greater than the memory width. Wrapping data items to subsequent addresses. Found 11 warnings, reporting 10 File: C:/Users/cabrera/Desktop/Drone303Project/ECE289-AVRinFPGA/flash.hex Line: 1
    Warning (113009): Data at line (1) of memory initialization file "flash.hex" is too wide to fit in one memory word. Wrapping data to subsequent addresses. File: C:/Users/cabrera/Desktop/Drone303Project/ECE289-AVRinFPGA/flash.hex Line: 1
    Warning (113009): Data at line (2) of memory initialization file "flash.hex" is too wide to fit in one memory word. Wrapping data to subsequent addresses. File: C:/Users/cabrera/Desktop/Drone303Project/ECE289-AVRinFPGA/flash.hex Line: 2
    Warning (113009): Data at line (3) of memory initialization file "flash.hex" is too wide to fit in one memory word. Wrapping data to subsequent addresses. File: C:/Users/cabrera/Desktop/Drone303Project/ECE289-AVRinFPGA/flash.hex Line: 3
    Warning (113009): Data at line (4) of memory initialization file "flash.hex" is too wide to fit in one memory word. Wrapping data to subsequent addresses. File: C:/Users/cabrera/Desktop/Drone303Project/ECE289-AVRinFPGA/flash.hex Line: 4
    Warning (113009): Data at line (5) of memory initialization file "flash.hex" is too wide to fit in one memory word. Wrapping data to subsequent addresses. File: C:/Users/cabrera/Desktop/Drone303Project/ECE289-AVRinFPGA/flash.hex Line: 5
    Warning (113009): Data at line (6) of memory initialization file "flash.hex" is too wide to fit in one memory word. Wrapping data to subsequent addresses. File: C:/Users/cabrera/Desktop/Drone303Project/ECE289-AVRinFPGA/flash.hex Line: 6
    Warning (113009): Data at line (7) of memory initialization file "flash.hex" is too wide to fit in one memory word. Wrapping data to subsequent addresses. File: C:/Users/cabrera/Desktop/Drone303Project/ECE289-AVRinFPGA/flash.hex Line: 7
    Warning (113009): Data at line (8) of memory initialization file "flash.hex" is too wide to fit in one memory word. Wrapping data to subsequent addresses. File: C:/Users/cabrera/Desktop/Drone303Project/ECE289-AVRinFPGA/flash.hex Line: 8
    Warning (113009): Data at line (9) of memory initialization file "flash.hex" is too wide to fit in one memory word. Wrapping data to subsequent addresses. File: C:/Users/cabrera/Desktop/Drone303Project/ECE289-AVRinFPGA/flash.hex Line: 9
    Warning (113009): Data at line (10) of memory initialization file "flash.hex" is too wide to fit in one memory word. Wrapping data to subsequent addresses. File: C:/Users/cabrera/Desktop/Drone303Project/ECE289-AVRinFPGA/flash.hex Line: 10
Critical Warning (127005): Memory depth (16384) in the design file differs from memory depth (89) in the Memory Initialization File "C:/Users/cabrera/Desktop/Drone303Project/ECE289-AVRinFPGA/flash.hex" -- setting initial value for remaining addresses to 0
Info (39024): Processed the following Memory Initialization File(s)
    Info (39025): Processed Memory Initialization File C:/Users/cabrera/Desktop/Drone303Project/ECE289-AVRinFPGA/flash.hex File: C:/Users/cabrera/Desktop/Drone303Project/ECE289-AVRinFPGA/flash.hex Line: 0
Info: Quartus Prime MIF/HEX Update was successful. 0 errors, 13 warnings
    Info: Peak virtual memory: 4798 megabytes
    Info: Processing ended: Tue Apr 30 20:22:16 2019
    Info: Elapsed time: 00:00:00
    Info: Total CPU time (on all processors): 00:00:01


