Analysis & Synthesis report for BasicMCUInFPGA
Thu Apr 25 03:23:01 2019
Quartus Prime Version 16.1.0 Build 196 10/24/2016 SJ Lite Edition


---------------------
; Table of Contents ;
---------------------
  1. Legal Notice
  2. Analysis & Synthesis Summary
  3. Analysis & Synthesis Settings
  4. Parallel Compilation
  5. Analysis & Synthesis Source Files Read
  6. Analysis & Synthesis Resource Usage Summary
  7. Analysis & Synthesis Resource Utilization by Entity
  8. Analysis & Synthesis RAM Summary
  9. Analysis & Synthesis IP Cores Summary
 10. State Machine - |BasicMCUInFPGA|state
 11. Registers Removed During Synthesis
 12. General Register Statistics
 13. Multiplexer Restructuring Statistics (Restructuring Performed)
 14. Source assignments for FLASH:flash|altsyncram:altsyncram_component|altsyncram_c1k2:auto_generated
 15. Source assignments for RAM:ram|altsyncram:altsyncram_component|altsyncram_28g1:auto_generated
 16. Parameter Settings for User Entity Instance: Top-level Entity: |BasicMCUInFPGA
 17. Parameter Settings for User Entity Instance: FLASH:flash|altsyncram:altsyncram_component
 18. Parameter Settings for User Entity Instance: RAM:ram|altsyncram:altsyncram_component
 19. altsyncram Parameter Settings by Entity Instance
 20. Port Connectivity Checks: "FLASH:flash"
 21. Port Connectivity Checks: "registerFile:regFile"
 22. Post-Synthesis Netlist Statistics for Top Partition
 23. Elapsed Time Per Partition
 24. Analysis & Synthesis Messages
 25. Analysis & Synthesis Suppressed Messages



----------------
; Legal Notice ;
----------------
Copyright (C) 2016  Intel Corporation. All rights reserved.
Your use of Intel Corporation's design tools, logic functions 
and other software and tools, and its AMPP partner logic 
functions, and any output files from any of the foregoing 
(including device programming or simulation files), and any 
associated documentation or information are expressly subject 
to the terms and conditions of the Intel Program License 
Subscription Agreement, the Intel Quartus Prime License Agreement,
the Intel MegaCore Function License Agreement, or other 
applicable license agreement, including, without limitation, 
that your use is for the sole purpose of programming logic 
devices manufactured by Intel and sold by Intel or its 
authorized distributors.  Please refer to the applicable 
agreement for further details.



+----------------------------------------------------------------------------------+
; Analysis & Synthesis Summary                                                     ;
+------------------------------------+---------------------------------------------+
; Analysis & Synthesis Status        ; Successful - Thu Apr 25 03:23:01 2019       ;
; Quartus Prime Version              ; 16.1.0 Build 196 10/24/2016 SJ Lite Edition ;
; Revision Name                      ; BasicMCUInFPGA                              ;
; Top-level Entity Name              ; BasicMCUInFPGA                              ;
; Family                             ; Cyclone IV E                                ;
; Total logic elements               ; 396                                         ;
;     Total combinational functions  ; 347                                         ;
;     Dedicated logic registers      ; 153                                         ;
; Total registers                    ; 153                                         ;
; Total pins                         ; 15                                          ;
; Total virtual pins                 ; 0                                           ;
; Total memory bits                  ; 278,528                                     ;
; Embedded Multiplier 9-bit elements ; 0                                           ;
; Total PLLs                         ; 0                                           ;
+------------------------------------+---------------------------------------------+


+----------------------------------------------------------------------------------------------------------------------+
; Analysis & Synthesis Settings                                                                                        ;
+----------------------------------------------------------------------------+--------------------+--------------------+
; Option                                                                     ; Setting            ; Default Value      ;
+----------------------------------------------------------------------------+--------------------+--------------------+
; Device                                                                     ; EP4CE115F29C7      ;                    ;
; Top-level entity name                                                      ; BasicMCUInFPGA     ; BasicMCUInFPGA     ;
; Family name                                                                ; Cyclone IV E       ; Cyclone V          ;
; Use smart compilation                                                      ; Off                ; Off                ;
; Enable parallel Assembler and TimeQuest Timing Analyzer during compilation ; On                 ; On                 ;
; Enable compact report table                                                ; Off                ; Off                ;
; Restructure Multiplexers                                                   ; Auto               ; Auto               ;
; Create Debugging Nodes for IP Cores                                        ; Off                ; Off                ;
; Preserve fewer node names                                                  ; On                 ; On                 ;
; OpenCore Plus hardware evaluation                                          ; Enable             ; Enable             ;
; Verilog Version                                                            ; Verilog_2001       ; Verilog_2001       ;
; VHDL Version                                                               ; VHDL_1993          ; VHDL_1993          ;
; State Machine Processing                                                   ; Auto               ; Auto               ;
; Safe State Machine                                                         ; Off                ; Off                ;
; Extract Verilog State Machines                                             ; On                 ; On                 ;
; Extract VHDL State Machines                                                ; On                 ; On                 ;
; Ignore Verilog initial constructs                                          ; Off                ; Off                ;
; Iteration limit for constant Verilog loops                                 ; 5000               ; 5000               ;
; Iteration limit for non-constant Verilog loops                             ; 250                ; 250                ;
; Add Pass-Through Logic to Inferred RAMs                                    ; On                 ; On                 ;
; Infer RAMs from Raw Logic                                                  ; On                 ; On                 ;
; Parallel Synthesis                                                         ; On                 ; On                 ;
; DSP Block Balancing                                                        ; Auto               ; Auto               ;
; NOT Gate Push-Back                                                         ; On                 ; On                 ;
; Power-Up Don't Care                                                        ; On                 ; On                 ;
; Remove Redundant Logic Cells                                               ; Off                ; Off                ;
; Remove Duplicate Registers                                                 ; On                 ; On                 ;
; Ignore CARRY Buffers                                                       ; Off                ; Off                ;
; Ignore CASCADE Buffers                                                     ; Off                ; Off                ;
; Ignore GLOBAL Buffers                                                      ; Off                ; Off                ;
; Ignore ROW GLOBAL Buffers                                                  ; Off                ; Off                ;
; Ignore LCELL Buffers                                                       ; Off                ; Off                ;
; Ignore SOFT Buffers                                                        ; On                 ; On                 ;
; Limit AHDL Integers to 32 Bits                                             ; Off                ; Off                ;
; Optimization Technique                                                     ; Balanced           ; Balanced           ;
; Carry Chain Length                                                         ; 70                 ; 70                 ;
; Auto Carry Chains                                                          ; On                 ; On                 ;
; Auto Open-Drain Pins                                                       ; On                 ; On                 ;
; Perform WYSIWYG Primitive Resynthesis                                      ; Off                ; Off                ;
; Auto ROM Replacement                                                       ; On                 ; On                 ;
; Auto RAM Replacement                                                       ; On                 ; On                 ;
; Auto DSP Block Replacement                                                 ; On                 ; On                 ;
; Auto Shift Register Replacement                                            ; Auto               ; Auto               ;
; Allow Shift Register Merging across Hierarchies                            ; Auto               ; Auto               ;
; Auto Clock Enable Replacement                                              ; On                 ; On                 ;
; Strict RAM Replacement                                                     ; Off                ; Off                ;
; Allow Synchronous Control Signals                                          ; On                 ; On                 ;
; Force Use of Synchronous Clear Signals                                     ; Off                ; Off                ;
; Auto RAM Block Balancing                                                   ; On                 ; On                 ;
; Auto RAM to Logic Cell Conversion                                          ; Off                ; Off                ;
; Auto Resource Sharing                                                      ; Off                ; Off                ;
; Allow Any RAM Size For Recognition                                         ; Off                ; Off                ;
; Allow Any ROM Size For Recognition                                         ; Off                ; Off                ;
; Allow Any Shift Register Size For Recognition                              ; Off                ; Off                ;
; Use LogicLock Constraints during Resource Balancing                        ; On                 ; On                 ;
; Ignore translate_off and synthesis_off directives                          ; Off                ; Off                ;
; Timing-Driven Synthesis                                                    ; On                 ; On                 ;
; Report Parameter Settings                                                  ; On                 ; On                 ;
; Report Source Assignments                                                  ; On                 ; On                 ;
; Report Connectivity Checks                                                 ; On                 ; On                 ;
; Ignore Maximum Fan-Out Assignments                                         ; Off                ; Off                ;
; Synchronization Register Chain Length                                      ; 2                  ; 2                  ;
; PowerPlay Power Optimization During Synthesis                              ; Normal compilation ; Normal compilation ;
; HDL message level                                                          ; Level2             ; Level2             ;
; Suppress Register Optimization Related Messages                            ; Off                ; Off                ;
; Number of Removed Registers Reported in Synthesis Report                   ; 5000               ; 5000               ;
; Number of Swept Nodes Reported in Synthesis Report                         ; 5000               ; 5000               ;
; Number of Inverted Registers Reported in Synthesis Report                  ; 100                ; 100                ;
; Clock MUX Protection                                                       ; On                 ; On                 ;
; Auto Gated Clock Conversion                                                ; Off                ; Off                ;
; Block Design Naming                                                        ; Auto               ; Auto               ;
; SDC constraint protection                                                  ; Off                ; Off                ;
; Synthesis Effort                                                           ; Auto               ; Auto               ;
; Shift Register Replacement - Allow Asynchronous Clear Signal               ; On                 ; On                 ;
; Pre-Mapping Resynthesis Optimization                                       ; Off                ; Off                ;
; Analysis & Synthesis Message Level                                         ; Medium             ; Medium             ;
; Disable Register Merging Across Hierarchies                                ; Auto               ; Auto               ;
; Resource Aware Inference For Block RAM                                     ; On                 ; On                 ;
+----------------------------------------------------------------------------+--------------------+--------------------+


+------------------------------------------+
; Parallel Compilation                     ;
+----------------------------+-------------+
; Processors                 ; Number      ;
+----------------------------+-------------+
; Number detected on machine ; 8           ;
; Maximum allowed            ; 4           ;
;                            ;             ;
; Average used               ; 1.00        ;
; Maximum used               ; 4           ;
;                            ;             ;
; Usage by Processor         ; % Time Used ;
;     Processor 1            ; 100.0%      ;
;     Processor 2            ;   0.0%      ;
;     Processors 3-4         ;   0.0%      ;
+----------------------------+-------------+


+--------------------------------------------------------------------------------------------------------------------------------------------------------------------------------------+
; Analysis & Synthesis Source Files Read                                                                                                                                               ;
+----------------------------------+-----------------+----------------------------------------+------------------------------------------------------------------------------+---------+
; File Name with User-Entered Path ; Used in Netlist ; File Type                              ; File Name with Absolute Path                                                 ; Library ;
+----------------------------------+-----------------+----------------------------------------+------------------------------------------------------------------------------+---------+
; BasicMCUInFPGA.v                 ; yes             ; User Verilog HDL File                  ; E:/Sync/Programacion/BasicMCUinFPGA/ECE289-AVRinFPGA/BasicMCUInFPGA.v        ;         ;
; registerFile.v                   ; yes             ; User Verilog HDL File                  ; E:/Sync/Programacion/BasicMCUinFPGA/ECE289-AVRinFPGA/registerFile.v          ;         ;
; FLASH.v                          ; yes             ; User Wizard-Generated File             ; E:/Sync/Programacion/BasicMCUinFPGA/ECE289-AVRinFPGA/FLASH.v                 ;         ;
; RAM.v                            ; yes             ; User Wizard-Generated File             ; E:/Sync/Programacion/BasicMCUinFPGA/ECE289-AVRinFPGA/RAM.v                   ;         ;
; instuctionSelector.v             ; yes             ; User Verilog HDL File                  ; E:/Sync/Programacion/BasicMCUinFPGA/ECE289-AVRinFPGA/instuctionSelector.v    ;         ;
; altsyncram.tdf                   ; yes             ; Megafunction                           ; d:/intelfpga_lite/16.1/quartus/libraries/megafunctions/altsyncram.tdf        ;         ;
; stratix_ram_block.inc            ; yes             ; Megafunction                           ; d:/intelfpga_lite/16.1/quartus/libraries/megafunctions/stratix_ram_block.inc ;         ;
; lpm_mux.inc                      ; yes             ; Megafunction                           ; d:/intelfpga_lite/16.1/quartus/libraries/megafunctions/lpm_mux.inc           ;         ;
; lpm_decode.inc                   ; yes             ; Megafunction                           ; d:/intelfpga_lite/16.1/quartus/libraries/megafunctions/lpm_decode.inc        ;         ;
; aglobal161.inc                   ; yes             ; Megafunction                           ; d:/intelfpga_lite/16.1/quartus/libraries/megafunctions/aglobal161.inc        ;         ;
; a_rdenreg.inc                    ; yes             ; Megafunction                           ; d:/intelfpga_lite/16.1/quartus/libraries/megafunctions/a_rdenreg.inc         ;         ;
; altrom.inc                       ; yes             ; Megafunction                           ; d:/intelfpga_lite/16.1/quartus/libraries/megafunctions/altrom.inc            ;         ;
; altram.inc                       ; yes             ; Megafunction                           ; d:/intelfpga_lite/16.1/quartus/libraries/megafunctions/altram.inc            ;         ;
; altdpram.inc                     ; yes             ; Megafunction                           ; d:/intelfpga_lite/16.1/quartus/libraries/megafunctions/altdpram.inc          ;         ;
; db/altsyncram_c1k2.tdf           ; yes             ; Auto-Generated Megafunction            ; E:/Sync/Programacion/BasicMCUinFPGA/ECE289-AVRinFPGA/db/altsyncram_c1k2.tdf  ;         ;
; flash.hex                        ; yes             ; Auto-Found Memory Initialization File  ; E:/Sync/Programacion/BasicMCUinFPGA/ECE289-AVRinFPGA/flash.hex               ;         ;
; db/decode_jsa.tdf                ; yes             ; Auto-Generated Megafunction            ; E:/Sync/Programacion/BasicMCUinFPGA/ECE289-AVRinFPGA/db/decode_jsa.tdf       ;         ;
; db/mux_iob.tdf                   ; yes             ; Auto-Generated Megafunction            ; E:/Sync/Programacion/BasicMCUinFPGA/ECE289-AVRinFPGA/db/mux_iob.tdf          ;         ;
; db/altsyncram_28g1.tdf           ; yes             ; Auto-Generated Megafunction            ; E:/Sync/Programacion/BasicMCUinFPGA/ECE289-AVRinFPGA/db/altsyncram_28g1.tdf  ;         ;
+----------------------------------+-----------------+----------------------------------------+------------------------------------------------------------------------------+---------+


+---------------------------------------------------------+
; Analysis & Synthesis Resource Usage Summary             ;
+---------------------------------------------+-----------+
; Resource                                    ; Usage     ;
+---------------------------------------------+-----------+
; Estimated Total logic elements              ; 396       ;
;                                             ;           ;
; Total combinational functions               ; 347       ;
; Logic element usage by number of LUT inputs ;           ;
;     -- 4 input functions                    ; 166       ;
;     -- 3 input functions                    ; 102       ;
;     -- <=2 input functions                  ; 79        ;
;                                             ;           ;
; Logic elements by mode                      ;           ;
;     -- normal mode                          ; 263       ;
;     -- arithmetic mode                      ; 84        ;
;                                             ;           ;
; Total registers                             ; 153       ;
;     -- Dedicated logic registers            ; 153       ;
;     -- I/O registers                        ; 0         ;
;                                             ;           ;
; I/O pins                                    ; 15        ;
; Total memory bits                           ; 278528    ;
;                                             ;           ;
; Embedded Multiplier 9-bit elements          ; 0         ;
;                                             ;           ;
; Maximum fan-out node                        ; clk~input ;
; Maximum fan-out                             ; 193       ;
; Total fan-out                               ; 2641      ;
; Average fan-out                             ; 4.63      ;
+---------------------------------------------+-----------+


+---------------------------------------------------------------------------------------------------------------------------------------------------------------------------------------------------------------------------------------------------------------------------------------------------------------------+
; Analysis & Synthesis Resource Utilization by Entity                                                                                                                                                                                                                                                                 ;
+-------------------------------------------+---------------------+---------------------------+-------------+--------------+---------+-----------+------+--------------+---------------------------------------------------------------------------------------------------------+---------------------+--------------+
; Compilation Hierarchy Node                ; Combinational ALUTs ; Dedicated Logic Registers ; Memory Bits ; DSP Elements ; DSP 9x9 ; DSP 18x18 ; Pins ; Virtual Pins ; Full Hierarchy Name                                                                                     ; Entity Name         ; Library Name ;
+-------------------------------------------+---------------------+---------------------------+-------------+--------------+---------+-----------+------+--------------+---------------------------------------------------------------------------------------------------------+---------------------+--------------+
; |BasicMCUInFPGA                           ; 347 (241)           ; 153 (111)                 ; 278528      ; 0            ; 0       ; 0         ; 15   ; 0            ; |BasicMCUInFPGA                                                                                         ; BasicMCUInFPGA      ; work         ;
;    |FLASH:flash|                          ; 32 (0)              ; 2 (0)                     ; 262144      ; 0            ; 0       ; 0         ; 0    ; 0            ; |BasicMCUInFPGA|FLASH:flash                                                                             ; FLASH               ; work         ;
;       |altsyncram:altsyncram_component|   ; 32 (0)              ; 2 (0)                     ; 262144      ; 0            ; 0       ; 0         ; 0    ; 0            ; |BasicMCUInFPGA|FLASH:flash|altsyncram:altsyncram_component                                             ; altsyncram          ; work         ;
;          |altsyncram_c1k2:auto_generated| ; 32 (0)              ; 2 (2)                     ; 262144      ; 0            ; 0       ; 0         ; 0    ; 0            ; |BasicMCUInFPGA|FLASH:flash|altsyncram:altsyncram_component|altsyncram_c1k2:auto_generated              ; altsyncram_c1k2     ; work         ;
;             |mux_iob:mux4|                ; 16 (16)             ; 0 (0)                     ; 0           ; 0            ; 0       ; 0         ; 0    ; 0            ; |BasicMCUInFPGA|FLASH:flash|altsyncram:altsyncram_component|altsyncram_c1k2:auto_generated|mux_iob:mux4 ; mux_iob             ; work         ;
;             |mux_iob:mux5|                ; 16 (16)             ; 0 (0)                     ; 0           ; 0            ; 0       ; 0         ; 0    ; 0            ; |BasicMCUInFPGA|FLASH:flash|altsyncram:altsyncram_component|altsyncram_c1k2:auto_generated|mux_iob:mux5 ; mux_iob             ; work         ;
;    |RAM:ram|                              ; 0 (0)               ; 0 (0)                     ; 16384       ; 0            ; 0       ; 0         ; 0    ; 0            ; |BasicMCUInFPGA|RAM:ram                                                                                 ; RAM                 ; work         ;
;       |altsyncram:altsyncram_component|   ; 0 (0)               ; 0 (0)                     ; 16384       ; 0            ; 0       ; 0         ; 0    ; 0            ; |BasicMCUInFPGA|RAM:ram|altsyncram:altsyncram_component                                                 ; altsyncram          ; work         ;
;          |altsyncram_28g1:auto_generated| ; 0 (0)               ; 0 (0)                     ; 16384       ; 0            ; 0       ; 0         ; 0    ; 0            ; |BasicMCUInFPGA|RAM:ram|altsyncram:altsyncram_component|altsyncram_28g1:auto_generated                  ; altsyncram_28g1     ; work         ;
;    |instructionSelector:selector|         ; 20 (20)             ; 0 (0)                     ; 0           ; 0            ; 0       ; 0         ; 0    ; 0            ; |BasicMCUInFPGA|instructionSelector:selector                                                            ; instructionSelector ; work         ;
;    |registerFile:regFile|                 ; 54 (54)             ; 40 (40)                   ; 0           ; 0            ; 0       ; 0         ; 0    ; 0            ; |BasicMCUInFPGA|registerFile:regFile                                                                    ; registerFile        ; work         ;
+-------------------------------------------+---------------------+---------------------------+-------------+--------------+---------+-----------+------+--------------+---------------------------------------------------------------------------------------------------------+---------------------+--------------+
Note: For table entries with two numbers listed, the numbers in parentheses indicate the number of resources of the given type used by the specific entity alone. The numbers listed outside of parentheses indicate the total resources of the given type used by the specific entity and all of its sub-entities in the hierarchy.


+------------------------------------------------------------------------------------------------------------------------------------------------------------------------------------------------+
; Analysis & Synthesis RAM Summary                                                                                                                                                               ;
+---------------------------------------------------------------------------------------+------+----------------+--------------+--------------+--------------+--------------+--------+-----------+
; Name                                                                                  ; Type ; Mode           ; Port A Depth ; Port A Width ; Port B Depth ; Port B Width ; Size   ; MIF       ;
+---------------------------------------------------------------------------------------+------+----------------+--------------+--------------+--------------+--------------+--------+-----------+
; FLASH:flash|altsyncram:altsyncram_component|altsyncram_c1k2:auto_generated|ALTSYNCRAM ; AUTO ; True Dual Port ; 16384        ; 16           ; 16384        ; 16           ; 262144 ; Flash.hex ;
; RAM:ram|altsyncram:altsyncram_component|altsyncram_28g1:auto_generated|ALTSYNCRAM     ; AUTO ; Single Port    ; 2048         ; 8            ; --           ; --           ; 16384  ; None      ;
+---------------------------------------------------------------------------------------+------+----------------+--------------+--------------+--------------+--------------+--------+-----------+


+---------------------------------------------------------------------------------------------------------------+
; Analysis & Synthesis IP Cores Summary                                                                         ;
+--------+--------------+---------+--------------+--------------+-----------------------------+-----------------+
; Vendor ; IP Core Name ; Version ; Release Date ; License Type ; Entity Instance             ; IP Include File ;
+--------+--------------+---------+--------------+--------------+-----------------------------+-----------------+
; Altera ; RAM: 2-PORT  ; 16.1    ; N/A          ; N/A          ; |BasicMCUInFPGA|FLASH:flash ; FLASH.v         ;
; Altera ; RAM: 1-PORT  ; 16.1    ; N/A          ; N/A          ; |BasicMCUInFPGA|RAM:ram     ; RAM.v           ;
+--------+--------------+---------+--------------+--------------+-----------------------------+-----------------+


Encoding Type:  One-Hot
+-----------------------------------------------------------------------------------+
; State Machine - |BasicMCUInFPGA|state                                             ;
+-------------+-------------+-------------+-------------+-------------+-------------+
; Name        ; state.STUCK ; state.WORK3 ; state.WORK2 ; state.WORK1 ; state.FETCH ;
+-------------+-------------+-------------+-------------+-------------+-------------+
; state.FETCH ; 0           ; 0           ; 0           ; 0           ; 0           ;
; state.WORK1 ; 0           ; 0           ; 0           ; 1           ; 1           ;
; state.WORK2 ; 0           ; 0           ; 1           ; 0           ; 1           ;
; state.WORK3 ; 0           ; 1           ; 0           ; 0           ; 1           ;
; state.STUCK ; 1           ; 0           ; 0           ; 0           ; 1           ;
+-------------+-------------+-------------+-------------+-------------+-------------+


+------------------------------------------------------------+
; Registers Removed During Synthesis                         ;
+---------------------------------------+--------------------+
; Register name                         ; Reason for Removal ;
+---------------------------------------+--------------------+
; state~5                               ; Lost fanout        ;
; state~6                               ; Lost fanout        ;
; state~7                               ; Lost fanout        ;
; state~8                               ; Lost fanout        ;
; SP[11..13]                            ; Lost fanout        ;
; Total Number of Removed Registers = 7 ;                    ;
+---------------------------------------+--------------------+


+------------------------------------------------------+
; General Register Statistics                          ;
+----------------------------------------------+-------+
; Statistic                                    ; Value ;
+----------------------------------------------+-------+
; Total registers                              ; 153   ;
; Number of registers using Synchronous Clear  ; 0     ;
; Number of registers using Synchronous Load   ; 18    ;
; Number of registers using Asynchronous Clear ; 0     ;
; Number of registers using Asynchronous Load  ; 0     ;
; Number of registers using Clock Enable       ; 142   ;
; Number of registers using Preset             ; 0     ;
+----------------------------------------------+-------+


+----------------------------------------------------------------------------------------------------------------------------------------------------------------------+
; Multiplexer Restructuring Statistics (Restructuring Performed)                                                                                                       ;
+--------------------+-----------+---------------+----------------------+------------------------+------------+--------------------------------------------------------+
; Multiplexer Inputs ; Bus Width ; Baseline Area ; Area if Restructured ; Saving if Restructured ; Registered ; Example Multiplexer Output                             ;
+--------------------+-----------+---------------+----------------------+------------------------+------------+--------------------------------------------------------+
; 9:1                ; 3 bits    ; 18 LEs        ; 3 LEs                ; 15 LEs                 ; Yes        ; |BasicMCUInFPGA|reg1address[2]                         ;
; 5:1                ; 8 bits    ; 24 LEs        ; 8 LEs                ; 16 LEs                 ; Yes        ; |BasicMCUInFPGA|ram_inputData[7]                       ;
; 5:1                ; 13 bits   ; 39 LEs        ; 13 LEs               ; 26 LEs                 ; Yes        ; |BasicMCUInFPGA|SP[11]                                 ;
; 5:1                ; 8 bits    ; 24 LEs        ; 8 LEs                ; 16 LEs                 ; Yes        ; |BasicMCUInFPGA|reg1input[3]                           ;
; 19:1               ; 10 bits   ; 120 LEs       ; 20 LEs               ; 100 LEs                ; Yes        ; |BasicMCUInFPGA|ram_address[1]                         ;
; 20:1               ; 4 bits    ; 52 LEs        ; 12 LEs               ; 40 LEs                 ; Yes        ; |BasicMCUInFPGA|PC[3]                                  ;
; 21:1               ; 3 bits    ; 42 LEs        ; 9 LEs                ; 33 LEs                 ; Yes        ; |BasicMCUInFPGA|PC[4]                                  ;
; 21:1               ; 4 bits    ; 56 LEs        ; 12 LEs               ; 44 LEs                 ; Yes        ; |BasicMCUInFPGA|PC[10]                                 ;
; 20:1               ; 4 bits    ; 52 LEs        ; 12 LEs               ; 40 LEs                 ; Yes        ; |BasicMCUInFPGA|PC[12]                                 ;
; 6:1                ; 2 bits    ; 8 LEs         ; 6 LEs                ; 2 LEs                  ; No         ; |BasicMCUInFPGA|instructionSelector:selector|OPCODE[1] ;
+--------------------+-----------+---------------+----------------------+------------------------+------------+--------------------------------------------------------+


+---------------------------------------------------------------------------------------------------+
; Source assignments for FLASH:flash|altsyncram:altsyncram_component|altsyncram_c1k2:auto_generated ;
+---------------------------------+--------------------+------+-------------------------------------+
; Assignment                      ; Value              ; From ; To                                  ;
+---------------------------------+--------------------+------+-------------------------------------+
; OPTIMIZE_POWER_DURING_SYNTHESIS ; NORMAL_COMPILATION ; -    ; -                                   ;
+---------------------------------+--------------------+------+-------------------------------------+


+-----------------------------------------------------------------------------------------------+
; Source assignments for RAM:ram|altsyncram:altsyncram_component|altsyncram_28g1:auto_generated ;
+---------------------------------+--------------------+------+---------------------------------+
; Assignment                      ; Value              ; From ; To                              ;
+---------------------------------+--------------------+------+---------------------------------+
; OPTIMIZE_POWER_DURING_SYNTHESIS ; NORMAL_COMPILATION ; -    ; -                               ;
+---------------------------------+--------------------+------+---------------------------------+


+--------------------------------------------------------------------------------+
; Parameter Settings for User Entity Instance: Top-level Entity: |BasicMCUInFPGA ;
+----------------+-------+-------------------------------------------------------+
; Parameter Name ; Value ; Type                                                  ;
+----------------+-------+-------------------------------------------------------+
; FETCH          ; 0001  ; Unsigned Binary                                       ;
; WORK1          ; 0010  ; Unsigned Binary                                       ;
; WORK2          ; 0011  ; Unsigned Binary                                       ;
; WORK3          ; 0100  ; Unsigned Binary                                       ;
; STUCK          ; 0101  ; Unsigned Binary                                       ;
+----------------+-------+-------------------------------------------------------+
Note: In order to hide this table in the UI and the text report file, please set the "Show Parameter Settings in Synthesis Report" option in "Analysis and Synthesis Settings -> More Settings" to "Off".


+------------------------------------------------------------------------------------------+
; Parameter Settings for User Entity Instance: FLASH:flash|altsyncram:altsyncram_component ;
+------------------------------------+------------------------+----------------------------+
; Parameter Name                     ; Value                  ; Type                       ;
+------------------------------------+------------------------+----------------------------+
; BYTE_SIZE_BLOCK                    ; 8                      ; Untyped                    ;
; AUTO_CARRY_CHAINS                  ; ON                     ; AUTO_CARRY                 ;
; IGNORE_CARRY_BUFFERS               ; OFF                    ; IGNORE_CARRY               ;
; AUTO_CASCADE_CHAINS                ; ON                     ; AUTO_CASCADE               ;
; IGNORE_CASCADE_BUFFERS             ; OFF                    ; IGNORE_CASCADE             ;
; WIDTH_BYTEENA                      ; 1                      ; Untyped                    ;
; OPERATION_MODE                     ; BIDIR_DUAL_PORT        ; Untyped                    ;
; WIDTH_A                            ; 16                     ; Signed Integer             ;
; WIDTHAD_A                          ; 14                     ; Signed Integer             ;
; NUMWORDS_A                         ; 16384                  ; Signed Integer             ;
; OUTDATA_REG_A                      ; UNREGISTERED           ; Untyped                    ;
; ADDRESS_ACLR_A                     ; NONE                   ; Untyped                    ;
; OUTDATA_ACLR_A                     ; NONE                   ; Untyped                    ;
; WRCONTROL_ACLR_A                   ; NONE                   ; Untyped                    ;
; INDATA_ACLR_A                      ; NONE                   ; Untyped                    ;
; BYTEENA_ACLR_A                     ; NONE                   ; Untyped                    ;
; WIDTH_B                            ; 16                     ; Signed Integer             ;
; WIDTHAD_B                          ; 14                     ; Signed Integer             ;
; NUMWORDS_B                         ; 16384                  ; Signed Integer             ;
; INDATA_REG_B                       ; CLOCK0                 ; Untyped                    ;
; WRCONTROL_WRADDRESS_REG_B          ; CLOCK0                 ; Untyped                    ;
; RDCONTROL_REG_B                    ; CLOCK1                 ; Untyped                    ;
; ADDRESS_REG_B                      ; CLOCK0                 ; Untyped                    ;
; OUTDATA_REG_B                      ; UNREGISTERED           ; Untyped                    ;
; BYTEENA_REG_B                      ; CLOCK1                 ; Untyped                    ;
; INDATA_ACLR_B                      ; NONE                   ; Untyped                    ;
; WRCONTROL_ACLR_B                   ; NONE                   ; Untyped                    ;
; ADDRESS_ACLR_B                     ; NONE                   ; Untyped                    ;
; OUTDATA_ACLR_B                     ; NONE                   ; Untyped                    ;
; RDCONTROL_ACLR_B                   ; NONE                   ; Untyped                    ;
; BYTEENA_ACLR_B                     ; NONE                   ; Untyped                    ;
; WIDTH_BYTEENA_A                    ; 1                      ; Signed Integer             ;
; WIDTH_BYTEENA_B                    ; 1                      ; Signed Integer             ;
; RAM_BLOCK_TYPE                     ; AUTO                   ; Untyped                    ;
; BYTE_SIZE                          ; 8                      ; Untyped                    ;
; READ_DURING_WRITE_MODE_MIXED_PORTS ; OLD_DATA               ; Untyped                    ;
; READ_DURING_WRITE_MODE_PORT_A      ; NEW_DATA_WITH_NBE_READ ; Untyped                    ;
; READ_DURING_WRITE_MODE_PORT_B      ; NEW_DATA_WITH_NBE_READ ; Untyped                    ;
; INIT_FILE                          ; Flash.hex              ; Untyped                    ;
; INIT_FILE_LAYOUT                   ; PORT_A                 ; Untyped                    ;
; MAXIMUM_DEPTH                      ; 0                      ; Untyped                    ;
; CLOCK_ENABLE_INPUT_A               ; BYPASS                 ; Untyped                    ;
; CLOCK_ENABLE_INPUT_B               ; BYPASS                 ; Untyped                    ;
; CLOCK_ENABLE_OUTPUT_A              ; BYPASS                 ; Untyped                    ;
; CLOCK_ENABLE_OUTPUT_B              ; BYPASS                 ; Untyped                    ;
; CLOCK_ENABLE_CORE_A                ; USE_INPUT_CLKEN        ; Untyped                    ;
; CLOCK_ENABLE_CORE_B                ; USE_INPUT_CLKEN        ; Untyped                    ;
; ENABLE_ECC                         ; FALSE                  ; Untyped                    ;
; ECC_PIPELINE_STAGE_ENABLED         ; FALSE                  ; Untyped                    ;
; WIDTH_ECCSTATUS                    ; 3                      ; Untyped                    ;
; DEVICE_FAMILY                      ; Cyclone IV E           ; Untyped                    ;
; CBXI_PARAMETER                     ; altsyncram_c1k2        ; Untyped                    ;
+------------------------------------+------------------------+----------------------------+
Note: In order to hide this table in the UI and the text report file, please set the "Show Parameter Settings in Synthesis Report" option in "Analysis and Synthesis Settings -> More Settings" to "Off".


+--------------------------------------------------------------------------------------+
; Parameter Settings for User Entity Instance: RAM:ram|altsyncram:altsyncram_component ;
+------------------------------------+----------------------+--------------------------+
; Parameter Name                     ; Value                ; Type                     ;
+------------------------------------+----------------------+--------------------------+
; BYTE_SIZE_BLOCK                    ; 8                    ; Untyped                  ;
; AUTO_CARRY_CHAINS                  ; ON                   ; AUTO_CARRY               ;
; IGNORE_CARRY_BUFFERS               ; OFF                  ; IGNORE_CARRY             ;
; AUTO_CASCADE_CHAINS                ; ON                   ; AUTO_CASCADE             ;
; IGNORE_CASCADE_BUFFERS             ; OFF                  ; IGNORE_CASCADE           ;
; WIDTH_BYTEENA                      ; 1                    ; Untyped                  ;
; OPERATION_MODE                     ; SINGLE_PORT          ; Untyped                  ;
; WIDTH_A                            ; 8                    ; Signed Integer           ;
; WIDTHAD_A                          ; 11                   ; Signed Integer           ;
; NUMWORDS_A                         ; 2048                 ; Signed Integer           ;
; OUTDATA_REG_A                      ; UNREGISTERED         ; Untyped                  ;
; ADDRESS_ACLR_A                     ; NONE                 ; Untyped                  ;
; OUTDATA_ACLR_A                     ; NONE                 ; Untyped                  ;
; WRCONTROL_ACLR_A                   ; NONE                 ; Untyped                  ;
; INDATA_ACLR_A                      ; NONE                 ; Untyped                  ;
; BYTEENA_ACLR_A                     ; NONE                 ; Untyped                  ;
; WIDTH_B                            ; 1                    ; Untyped                  ;
; WIDTHAD_B                          ; 1                    ; Untyped                  ;
; NUMWORDS_B                         ; 1                    ; Untyped                  ;
; INDATA_REG_B                       ; CLOCK1               ; Untyped                  ;
; WRCONTROL_WRADDRESS_REG_B          ; CLOCK1               ; Untyped                  ;
; RDCONTROL_REG_B                    ; CLOCK1               ; Untyped                  ;
; ADDRESS_REG_B                      ; CLOCK1               ; Untyped                  ;
; OUTDATA_REG_B                      ; UNREGISTERED         ; Untyped                  ;
; BYTEENA_REG_B                      ; CLOCK1               ; Untyped                  ;
; INDATA_ACLR_B                      ; NONE                 ; Untyped                  ;
; WRCONTROL_ACLR_B                   ; NONE                 ; Untyped                  ;
; ADDRESS_ACLR_B                     ; NONE                 ; Untyped                  ;
; OUTDATA_ACLR_B                     ; NONE                 ; Untyped                  ;
; RDCONTROL_ACLR_B                   ; NONE                 ; Untyped                  ;
; BYTEENA_ACLR_B                     ; NONE                 ; Untyped                  ;
; WIDTH_BYTEENA_A                    ; 1                    ; Signed Integer           ;
; WIDTH_BYTEENA_B                    ; 1                    ; Untyped                  ;
; RAM_BLOCK_TYPE                     ; AUTO                 ; Untyped                  ;
; BYTE_SIZE                          ; 8                    ; Untyped                  ;
; READ_DURING_WRITE_MODE_MIXED_PORTS ; DONT_CARE            ; Untyped                  ;
; READ_DURING_WRITE_MODE_PORT_A      ; NEW_DATA_NO_NBE_READ ; Untyped                  ;
; READ_DURING_WRITE_MODE_PORT_B      ; NEW_DATA_NO_NBE_READ ; Untyped                  ;
; INIT_FILE                          ; UNUSED               ; Untyped                  ;
; INIT_FILE_LAYOUT                   ; PORT_A               ; Untyped                  ;
; MAXIMUM_DEPTH                      ; 0                    ; Untyped                  ;
; CLOCK_ENABLE_INPUT_A               ; BYPASS               ; Untyped                  ;
; CLOCK_ENABLE_INPUT_B               ; NORMAL               ; Untyped                  ;
; CLOCK_ENABLE_OUTPUT_A              ; BYPASS               ; Untyped                  ;
; CLOCK_ENABLE_OUTPUT_B              ; NORMAL               ; Untyped                  ;
; CLOCK_ENABLE_CORE_A                ; USE_INPUT_CLKEN      ; Untyped                  ;
; CLOCK_ENABLE_CORE_B                ; USE_INPUT_CLKEN      ; Untyped                  ;
; ENABLE_ECC                         ; FALSE                ; Untyped                  ;
; ECC_PIPELINE_STAGE_ENABLED         ; FALSE                ; Untyped                  ;
; WIDTH_ECCSTATUS                    ; 3                    ; Untyped                  ;
; DEVICE_FAMILY                      ; Cyclone IV E         ; Untyped                  ;
; CBXI_PARAMETER                     ; altsyncram_28g1      ; Untyped                  ;
+------------------------------------+----------------------+--------------------------+
Note: In order to hide this table in the UI and the text report file, please set the "Show Parameter Settings in Synthesis Report" option in "Analysis and Synthesis Settings -> More Settings" to "Off".


+-----------------------------------------------------------------------------------------+
; altsyncram Parameter Settings by Entity Instance                                        ;
+-------------------------------------------+---------------------------------------------+
; Name                                      ; Value                                       ;
+-------------------------------------------+---------------------------------------------+
; Number of entity instances                ; 2                                           ;
; Entity Instance                           ; FLASH:flash|altsyncram:altsyncram_component ;
;     -- OPERATION_MODE                     ; BIDIR_DUAL_PORT                             ;
;     -- WIDTH_A                            ; 16                                          ;
;     -- NUMWORDS_A                         ; 16384                                       ;
;     -- OUTDATA_REG_A                      ; UNREGISTERED                                ;
;     -- WIDTH_B                            ; 16                                          ;
;     -- NUMWORDS_B                         ; 16384                                       ;
;     -- ADDRESS_REG_B                      ; CLOCK0                                      ;
;     -- OUTDATA_REG_B                      ; UNREGISTERED                                ;
;     -- RAM_BLOCK_TYPE                     ; AUTO                                        ;
;     -- READ_DURING_WRITE_MODE_MIXED_PORTS ; OLD_DATA                                    ;
; Entity Instance                           ; RAM:ram|altsyncram:altsyncram_component     ;
;     -- OPERATION_MODE                     ; SINGLE_PORT                                 ;
;     -- WIDTH_A                            ; 8                                           ;
;     -- NUMWORDS_A                         ; 2048                                        ;
;     -- OUTDATA_REG_A                      ; UNREGISTERED                                ;
;     -- WIDTH_B                            ; 1                                           ;
;     -- NUMWORDS_B                         ; 1                                           ;
;     -- ADDRESS_REG_B                      ; CLOCK1                                      ;
;     -- OUTDATA_REG_B                      ; UNREGISTERED                                ;
;     -- RAM_BLOCK_TYPE                     ; AUTO                                        ;
;     -- READ_DURING_WRITE_MODE_MIXED_PORTS ; DONT_CARE                                   ;
+-------------------------------------------+---------------------------------------------+


+--------------------------------------------------------------------------------------------------------------------------------------------------------------------------------------------------------------------+
; Port Connectivity Checks: "FLASH:flash"                                                                                                                                                                            ;
+-----------+-------+----------+-------------------------------------------------------------------------------------------------------------------------------------------------------------------------------------+
; Port      ; Type  ; Severity ; Details                                                                                                                                                                             ;
+-----------+-------+----------+-------------------------------------------------------------------------------------------------------------------------------------------------------------------------------------+
; address_a ; Input ; Warning  ; Input port expression (16 bits) is wider than the input port (14 bits) it drives.  The 2 most-significant bit(s) in the expression will be dangling if they have no other fanouts.  ;
; address_b ; Input ; Warning  ; Input port expression (32 bits) is wider than the input port (14 bits) it drives.  The 18 most-significant bit(s) in the expression will be dangling if they have no other fanouts. ;
; wren_a    ; Input ; Info     ; Stuck at GND                                                                                                                                                                        ;
; wren_b    ; Input ; Info     ; Stuck at GND                                                                                                                                                                        ;
+-----------+-------+----------+-------------------------------------------------------------------------------------------------------------------------------------------------------------------------------------+


+-------------------------------------------------------------------------------------------------------------------------------------------------------------------------------------------------------------------+
; Port Connectivity Checks: "registerFile:regFile"                                                                                                                                                                  ;
+-------------+-------+----------+----------------------------------------------------------------------------------------------------------------------------------------------------------------------------------+
; Port        ; Type  ; Severity ; Details                                                                                                                                                                          ;
+-------------+-------+----------+----------------------------------------------------------------------------------------------------------------------------------------------------------------------------------+
; reg2address ; Input ; Warning  ; Input port expression (8 bits) is wider than the input port (5 bits) it drives.  The 3 most-significant bit(s) in the expression will be dangling if they have no other fanouts. ;
+-------------+-------+----------+----------------------------------------------------------------------------------------------------------------------------------------------------------------------------------+


+-----------------------------------------------------+
; Post-Synthesis Netlist Statistics for Top Partition ;
+-----------------------+-----------------------------+
; Type                  ; Count                       ;
+-----------------------+-----------------------------+
; boundary_port         ; 15                          ;
; cycloneiii_ff         ; 153                         ;
;     ENA               ; 124                         ;
;     ENA SLD           ; 18                          ;
;     plain             ; 11                          ;
; cycloneiii_lcell_comb ; 347                         ;
;     arith             ; 84                          ;
;         2 data inputs ; 60                          ;
;         3 data inputs ; 24                          ;
;     normal            ; 263                         ;
;         0 data inputs ; 1                           ;
;         1 data inputs ; 6                           ;
;         2 data inputs ; 12                          ;
;         3 data inputs ; 78                          ;
;         4 data inputs ; 166                         ;
; cycloneiii_ram_block  ; 40                          ;
;                       ;                             ;
; Max LUT depth         ; 9.00                        ;
; Average LUT depth     ; 3.98                        ;
+-----------------------+-----------------------------+


+-------------------------------+
; Elapsed Time Per Partition    ;
+----------------+--------------+
; Partition Name ; Elapsed Time ;
+----------------+--------------+
; Top            ; 00:00:01     ;
+----------------+--------------+


+-------------------------------+
; Analysis & Synthesis Messages ;
+-------------------------------+
Info: *******************************************************************
Info: Running Quartus Prime Analysis & Synthesis
    Info: Version 16.1.0 Build 196 10/24/2016 SJ Lite Edition
    Info: Processing started: Thu Apr 25 03:22:49 2019
Info: Command: quartus_map --read_settings_files=on --write_settings_files=off BasicMCUInFPGA -c BasicMCUInFPGA
Warning (18236): Number of processors has not been specified which may cause overloading on shared machines.  Set the global assignment NUM_PARALLEL_PROCESSORS in your QSF to an appropriate value for best performance.
Info (20030): Parallel compilation is enabled and will use 4 of the 4 processors detected
Info (12021): Found 1 design units, including 1 entities, in source file basicmcuinfpga.v
    Info (12023): Found entity 1: BasicMCUInFPGA File: E:/Sync/Programacion/BasicMCUinFPGA/ECE289-AVRinFPGA/BasicMCUInFPGA.v Line: 2
Info (12021): Found 1 design units, including 1 entities, in source file registerfile.v
    Info (12023): Found entity 1: registerFile File: E:/Sync/Programacion/BasicMCUinFPGA/ECE289-AVRinFPGA/registerFile.v Line: 1
Info (12021): Found 1 design units, including 1 entities, in source file flash.v
    Info (12023): Found entity 1: FLASH File: E:/Sync/Programacion/BasicMCUinFPGA/ECE289-AVRinFPGA/FLASH.v Line: 40
Info (12021): Found 1 design units, including 1 entities, in source file ram.v
    Info (12023): Found entity 1: RAM File: E:/Sync/Programacion/BasicMCUinFPGA/ECE289-AVRinFPGA/RAM.v Line: 40
Info (12021): Found 1 design units, including 1 entities, in source file instuctionselector.v
    Info (12023): Found entity 1: instructionSelector File: E:/Sync/Programacion/BasicMCUinFPGA/ECE289-AVRinFPGA/instuctionSelector.v Line: 2
Info (12021): Found 0 design units, including 0 entities, in source file my_params.v
Info (12127): Elaborating entity "BasicMCUInFPGA" for the top level hierarchy
Warning (10230): Verilog HDL assignment warning at BasicMCUInFPGA.v(7): truncated value with size 14 to match size of target (13) File: E:/Sync/Programacion/BasicMCUinFPGA/ECE289-AVRinFPGA/BasicMCUInFPGA.v Line: 7
Warning (10230): Verilog HDL assignment warning at BasicMCUInFPGA.v(113): truncated value with size 22 to match size of target (16) File: E:/Sync/Programacion/BasicMCUinFPGA/ECE289-AVRinFPGA/BasicMCUInFPGA.v Line: 113
Warning (10230): Verilog HDL assignment warning at BasicMCUInFPGA.v(121): truncated value with size 14 to match size of target (11) File: E:/Sync/Programacion/BasicMCUinFPGA/ECE289-AVRinFPGA/BasicMCUInFPGA.v Line: 121
Warning (10230): Verilog HDL assignment warning at BasicMCUInFPGA.v(140): truncated value with size 14 to match size of target (11) File: E:/Sync/Programacion/BasicMCUinFPGA/ECE289-AVRinFPGA/BasicMCUInFPGA.v Line: 140
Warning (10230): Verilog HDL assignment warning at BasicMCUInFPGA.v(199): truncated value with size 14 to match size of target (11) File: E:/Sync/Programacion/BasicMCUinFPGA/ECE289-AVRinFPGA/BasicMCUInFPGA.v Line: 199
Warning (10230): Verilog HDL assignment warning at BasicMCUInFPGA.v(216): truncated value with size 14 to match size of target (11) File: E:/Sync/Programacion/BasicMCUinFPGA/ECE289-AVRinFPGA/BasicMCUInFPGA.v Line: 216
Warning (10230): Verilog HDL assignment warning at BasicMCUInFPGA.v(239): truncated value with size 22 to match size of target (16) File: E:/Sync/Programacion/BasicMCUinFPGA/ECE289-AVRinFPGA/BasicMCUInFPGA.v Line: 239
Warning (10030): Net "SP[0]" at BasicMCUInFPGA.v(20) has no driver or initial value, using a default initial value '0' File: E:/Sync/Programacion/BasicMCUinFPGA/ECE289-AVRinFPGA/BasicMCUInFPGA.v Line: 20
Info (12128): Elaborating entity "instructionSelector" for hierarchy "instructionSelector:selector" File: E:/Sync/Programacion/BasicMCUinFPGA/ECE289-AVRinFPGA/BasicMCUInFPGA.v Line: 69
Info (12128): Elaborating entity "registerFile" for hierarchy "registerFile:regFile" File: E:/Sync/Programacion/BasicMCUinFPGA/ECE289-AVRinFPGA/BasicMCUInFPGA.v Line: 75
Info (12128): Elaborating entity "FLASH" for hierarchy "FLASH:flash" File: E:/Sync/Programacion/BasicMCUinFPGA/ECE289-AVRinFPGA/BasicMCUInFPGA.v Line: 77
Info (12128): Elaborating entity "altsyncram" for hierarchy "FLASH:flash|altsyncram:altsyncram_component" File: E:/Sync/Programacion/BasicMCUinFPGA/ECE289-AVRinFPGA/FLASH.v Line: 98
Info (12130): Elaborated megafunction instantiation "FLASH:flash|altsyncram:altsyncram_component" File: E:/Sync/Programacion/BasicMCUinFPGA/ECE289-AVRinFPGA/FLASH.v Line: 98
Info (12133): Instantiated megafunction "FLASH:flash|altsyncram:altsyncram_component" with the following parameter: File: E:/Sync/Programacion/BasicMCUinFPGA/ECE289-AVRinFPGA/FLASH.v Line: 98
    Info (12134): Parameter "address_reg_b" = "CLOCK0"
    Info (12134): Parameter "clock_enable_input_a" = "BYPASS"
    Info (12134): Parameter "clock_enable_input_b" = "BYPASS"
    Info (12134): Parameter "clock_enable_output_a" = "BYPASS"
    Info (12134): Parameter "clock_enable_output_b" = "BYPASS"
    Info (12134): Parameter "indata_reg_b" = "CLOCK0"
    Info (12134): Parameter "init_file" = "Flash.hex"
    Info (12134): Parameter "intended_device_family" = "Cyclone IV E"
    Info (12134): Parameter "lpm_type" = "altsyncram"
    Info (12134): Parameter "numwords_a" = "16384"
    Info (12134): Parameter "numwords_b" = "16384"
    Info (12134): Parameter "operation_mode" = "BIDIR_DUAL_PORT"
    Info (12134): Parameter "outdata_aclr_a" = "NONE"
    Info (12134): Parameter "outdata_aclr_b" = "NONE"
    Info (12134): Parameter "outdata_reg_a" = "UNREGISTERED"
    Info (12134): Parameter "outdata_reg_b" = "UNREGISTERED"
    Info (12134): Parameter "power_up_uninitialized" = "FALSE"
    Info (12134): Parameter "read_during_write_mode_mixed_ports" = "OLD_DATA"
    Info (12134): Parameter "read_during_write_mode_port_a" = "NEW_DATA_WITH_NBE_READ"
    Info (12134): Parameter "read_during_write_mode_port_b" = "NEW_DATA_WITH_NBE_READ"
    Info (12134): Parameter "widthad_a" = "14"
    Info (12134): Parameter "widthad_b" = "14"
    Info (12134): Parameter "width_a" = "16"
    Info (12134): Parameter "width_b" = "16"
    Info (12134): Parameter "width_byteena_a" = "1"
    Info (12134): Parameter "width_byteena_b" = "1"
    Info (12134): Parameter "wrcontrol_wraddress_reg_b" = "CLOCK0"
Info (12021): Found 1 design units, including 1 entities, in source file db/altsyncram_c1k2.tdf
    Info (12023): Found entity 1: altsyncram_c1k2 File: E:/Sync/Programacion/BasicMCUinFPGA/ECE289-AVRinFPGA/db/altsyncram_c1k2.tdf Line: 32
Info (12128): Elaborating entity "altsyncram_c1k2" for hierarchy "FLASH:flash|altsyncram:altsyncram_component|altsyncram_c1k2:auto_generated" File: d:/intelfpga_lite/16.1/quartus/libraries/megafunctions/altsyncram.tdf Line: 792
Info (12021): Found 1 design units, including 1 entities, in source file db/decode_jsa.tdf
    Info (12023): Found entity 1: decode_jsa File: E:/Sync/Programacion/BasicMCUinFPGA/ECE289-AVRinFPGA/db/decode_jsa.tdf Line: 23
Info (12128): Elaborating entity "decode_jsa" for hierarchy "FLASH:flash|altsyncram:altsyncram_component|altsyncram_c1k2:auto_generated|decode_jsa:decode2" File: E:/Sync/Programacion/BasicMCUinFPGA/ECE289-AVRinFPGA/db/altsyncram_c1k2.tdf Line: 47
Info (12021): Found 1 design units, including 1 entities, in source file db/mux_iob.tdf
    Info (12023): Found entity 1: mux_iob File: E:/Sync/Programacion/BasicMCUinFPGA/ECE289-AVRinFPGA/db/mux_iob.tdf Line: 23
Info (12128): Elaborating entity "mux_iob" for hierarchy "FLASH:flash|altsyncram:altsyncram_component|altsyncram_c1k2:auto_generated|mux_iob:mux4" File: E:/Sync/Programacion/BasicMCUinFPGA/ECE289-AVRinFPGA/db/altsyncram_c1k2.tdf Line: 49
Info (12128): Elaborating entity "RAM" for hierarchy "RAM:ram" File: E:/Sync/Programacion/BasicMCUinFPGA/ECE289-AVRinFPGA/BasicMCUInFPGA.v Line: 79
Info (12128): Elaborating entity "altsyncram" for hierarchy "RAM:ram|altsyncram:altsyncram_component" File: E:/Sync/Programacion/BasicMCUinFPGA/ECE289-AVRinFPGA/RAM.v Line: 86
Info (12130): Elaborated megafunction instantiation "RAM:ram|altsyncram:altsyncram_component" File: E:/Sync/Programacion/BasicMCUinFPGA/ECE289-AVRinFPGA/RAM.v Line: 86
Info (12133): Instantiated megafunction "RAM:ram|altsyncram:altsyncram_component" with the following parameter: File: E:/Sync/Programacion/BasicMCUinFPGA/ECE289-AVRinFPGA/RAM.v Line: 86
    Info (12134): Parameter "clock_enable_input_a" = "BYPASS"
    Info (12134): Parameter "clock_enable_output_a" = "BYPASS"
    Info (12134): Parameter "intended_device_family" = "Cyclone IV E"
    Info (12134): Parameter "lpm_hint" = "ENABLE_RUNTIME_MOD=NO"
    Info (12134): Parameter "lpm_type" = "altsyncram"
    Info (12134): Parameter "numwords_a" = "2048"
    Info (12134): Parameter "operation_mode" = "SINGLE_PORT"
    Info (12134): Parameter "outdata_aclr_a" = "NONE"
    Info (12134): Parameter "outdata_reg_a" = "UNREGISTERED"
    Info (12134): Parameter "power_up_uninitialized" = "FALSE"
    Info (12134): Parameter "read_during_write_mode_port_a" = "NEW_DATA_NO_NBE_READ"
    Info (12134): Parameter "widthad_a" = "11"
    Info (12134): Parameter "width_a" = "8"
    Info (12134): Parameter "width_byteena_a" = "1"
Info (12021): Found 1 design units, including 1 entities, in source file db/altsyncram_28g1.tdf
    Info (12023): Found entity 1: altsyncram_28g1 File: E:/Sync/Programacion/BasicMCUinFPGA/ECE289-AVRinFPGA/db/altsyncram_28g1.tdf Line: 28
Info (12128): Elaborating entity "altsyncram_28g1" for hierarchy "RAM:ram|altsyncram:altsyncram_component|altsyncram_28g1:auto_generated" File: d:/intelfpga_lite/16.1/quartus/libraries/megafunctions/altsyncram.tdf Line: 792
Info (276014): Found 1 instances of uninferred RAM logic
    Info (276004): RAM logic "registerFile:regFile|regs" is uninferred due to inappropriate RAM size File: E:/Sync/Programacion/BasicMCUinFPGA/ECE289-AVRinFPGA/registerFile.v Line: 13
Warning (12241): 2 hierarchies have connectivity warnings - see the Connectivity Checks report folder
Info (286030): Timing-Driven Synthesis is running
Info (17049): 7 registers lost all their fanouts during netlist optimizations.
Info (144001): Generated suppressed messages file E:/Sync/Programacion/BasicMCUinFPGA/ECE289-AVRinFPGA/output_files/BasicMCUInFPGA.map.smsg
Info (16010): Generating hard_block partition "hard_block:auto_generated_inst"
    Info (16011): Adding 0 node(s), including 0 DDIO, 0 PLL, 0 transceiver and 0 LCELL
Info (21057): Implemented 460 device resources after synthesis - the final resource count might be different
    Info (21058): Implemented 1 input pins
    Info (21059): Implemented 14 output pins
    Info (21061): Implemented 405 logic cells
    Info (21064): Implemented 40 RAM segments
Info: Quartus Prime Analysis & Synthesis was successful. 0 errors, 10 warnings
    Info: Peak virtual memory: 4816 megabytes
    Info: Processing ended: Thu Apr 25 03:23:01 2019
    Info: Elapsed time: 00:00:12
    Info: Total CPU time (on all processors): 00:00:26


+------------------------------------------+
; Analysis & Synthesis Suppressed Messages ;
+------------------------------------------+
The suppressed messages can be found in E:/Sync/Programacion/BasicMCUinFPGA/ECE289-AVRinFPGA/output_files/BasicMCUInFPGA.map.smsg.


